<?xml version="1.0" encoding="UTF-8"?>
<testng-results ignored="0" total="1" passed="1" failed="0" skipped="0">
  <reporter-output>
  </reporter-output>
  <suite started-at="2023-10-03T14:43:12 IST" name="Default suite" finished-at="2023-10-03T14:43:37 IST" duration-ms="24784">
    <groups>
    </groups>
    <test started-at="2023-10-03T14:43:12 IST" name="Default test" finished-at="2023-10-03T14:43:37 IST" duration-ms="24784">
      <class name="com.saucedemo.testlayer.LoginTest">
        <test-method is-config="true" signature="setup()[pri:0, instance:com.saucedemo.testlayer.LoginTest@689604d9]" started-at="2023-10-03T14:43:12 IST" name="setup" finished-at="2023-10-03T14:43:33 IST" duration-ms="21017" status="PASS">
          <reporter-output>
          </reporter-output>
        </test-method> <!-- setup -->
        <test-method signature="validateTheLoginPage()[pri:0, instance:com.saucedemo.testlayer.LoginTest@689604d9]" started-at="2023-10-03T14:43:33 IST" name="validateTheLoginPage" finished-at="2023-10-03T14:43:34 IST" duration-ms="690" status="PASS">
          <reporter-output>
          </reporter-output>
        </test-method> <!-- validateTheLoginPage -->
        <test-method is-config="true" signature="tearDown()[pri:0, instance:com.saucedemo.testlayer.LoginTest@689604d9]" started-at="2023-10-03T14:43:34 IST" name="tearDown" finished-at="2023-10-03T14:43:37 IST" duration-ms="2986" status="PASS">
          <reporter-output>
          </reporter-output>
        </test-method> <!-- tearDown -->
      </class> <!-- com.saucedemo.testlayer.LoginTest -->
    </test> <!-- Default test -->
  </suite> <!-- Default suite -->
</testng-results>
